  eocdr.c
D:\Programming\C\OTUS_C2205\HW1\eocdr.h(20,21): warning C4820: '<unnamed-tag>': '2' bytes padding added after data member 'commentLength'
D:\Programming\C\OTUS_C2205\HW1\eocdr.c(27,13): warning C4090: '=': different 'const' qualifiers
  lfh.c
D:\Programming\C\OTUS_C2205\HW1\lfh.h(17,19): warning C4820: '<unnamed-tag>': '2' bytes padding added after data member 'modificationDate'
D:\Programming\C\OTUS_C2205\HW1\lfh.c(4,43): warning C4028: formal parameter 1 different from declaration
D:\Programming\C\OTUS_C2205\HW1\lfh.c(10,57): warning C4090: 'return': different 'const' qualifiers
  main.c
D:\Programming\C\OTUS_C2205\HW1\eocdr.h(20,21): warning C4820: '<unnamed-tag>': '2' bytes padding added after data member 'commentLength'
D:\Programming\C\OTUS_C2205\HW1\cdfh.h(26,36): warning C4820: '<unnamed-tag>': '2' bytes padding added after data member 'internalFileAttributes'
D:\Programming\C\OTUS_C2205\HW1\lfh.h(17,19): warning C4820: '<unnamed-tag>': '2' bytes padding added after data member 'modificationDate'
D:\Programming\C\OTUS_C2205\HW1\main.c(48,23): warning C4388: '<': signed/unsigned mismatch
D:\Programming\C\OTUS_C2205\HW1\main.c(48,49): warning C4242: '=': conversion from 'int' to 'uint8_t', possible loss of data
  Generating Code...
D:\Programming\C\OTUS_C2205\HW1\main.c(76): warning C5045: Compiler will insert Spectre mitigation for memory load if /Qspectre switch specified
D:\Programming\C\OTUS_C2205\HW1\main.c(73): message : index 'i' range checked by comparison on this line
D:\Programming\C\OTUS_C2205\HW1\main.c(76): message : feeds call on this line
D:\Programming\C\OTUS_C2205\HW1\main.c(48): warning C5045: Compiler will insert Spectre mitigation for memory load if /Qspectre switch specified
D:\Programming\C\OTUS_C2205\HW1\main.c(48): message : index '' range checked by comparison on this line
D:\Programming\C\OTUS_C2205\HW1\main.c(48): message : feeds call on this line
  01_Lesson_3.vcxproj -> D:\Programming\C\OTUS_C2205\HW1\x64\Debug\01_Lesson_3.exe
